This is pdfTeX, Version 3.141592653-2.6-1.40.23 (MiKTeX 21.10) (preloaded format=pdflatex 2021.10.15)  21 MAY 2023 16:36
entering extended mode
**./projet.tex
(projet.tex
LaTeX2e <2021-06-01> patch level 1
L3 programming layer <2021-10-12> (C:\Users\leo\AppData\Local\Programs\MiKTeX1\
tex/latex/base\article.cls
Document Class: article 2021/02/12 v1.4n Standard LaTeX document class
(C:\Users\leo\AppData\Local\Programs\MiKTeX1\tex/latex/base\size10.clo
File: size10.clo 2021/02/12 v1.4n Standard LaTeX file (size option)
)
\c@part=\count182
\c@section=\count183
\c@subsection=\count184
\c@subsubsection=\count185
\c@paragraph=\count186
\c@subparagraph=\count187
\c@figure=\count188
\c@table=\count189
\abovecaptionskip=\skip47
\belowcaptionskip=\skip48
\bibindent=\dimen138
) (C:\Users\leo\AppData\Local\Programs\MiKTeX1\tex/latex/amsmath\amsmath.sty
Package: amsmath 2021/04/20 v2.17j AMS math features
\@mathmargin=\skip49
For additional information on amsmath, use the `?' option.
(C:\Users\leo\AppData\Local\Programs\MiKTeX1\tex/latex/amsmath\amstext.sty
Package: amstext 2000/06/29 v2.01 AMS text
(C:\Users\leo\AppData\Local\Programs\MiKTeX1\tex/latex/amsmath\amsgen.sty
File: amsgen.sty 1999/11/30 v2.0 generic functions
\@emptytoks=\toks16
\ex@=\dimen139
)) (C:\Users\leo\AppData\Local\Programs\MiKTeX1\tex/latex/amsmath\amsbsy.sty
Package: amsbsy 1999/11/29 v1.2d Bold Symbols
\pmbraise@=\dimen140
) (C:\Users\leo\AppData\Local\Programs\MiKTeX1\tex/latex/amsmath\amsopn.sty
Package: amsopn 2016/03/08 v2.02 operator names
)
\inf@bad=\count190
LaTeX Info: Redefining \frac on input line 234.
\uproot@=\count191
\leftroot@=\count192
LaTeX Info: Redefining \overline on input line 399.
\classnum@=\count193
\DOTSCASE@=\count194
LaTeX Info: Redefining \ldots on input line 496.
LaTeX Info: Redefining \dots on input line 499.
LaTeX Info: Redefining \cdots on input line 620.
\Mathstrutbox@=\box50
\strutbox@=\box51
\big@size=\dimen141
LaTeX Font Info:    Redeclaring font encoding OML on input line 743.
LaTeX Font Info:    Redeclaring font encoding OMS on input line 744.
\macc@depth=\count195
\c@MaxMatrixCols=\count196
\dotsspace@=\muskip16
\c@parentequation=\count197
\dspbrk@lvl=\count198
\tag@help=\toks17
\row@=\count199
\column@=\count266
\maxfields@=\count267
\andhelp@=\toks18
\eqnshift@=\dimen142
\alignsep@=\dimen143
\tagshift@=\dimen144
\tagwidth@=\dimen145
\totwidth@=\dimen146
\lineht@=\dimen147
\@envbody=\toks19
\multlinegap=\skip50
\multlinetaggap=\skip51
\mathdisplay@stack=\toks20
LaTeX Info: Redefining \[ on input line 2923.
LaTeX Info: Redefining \] on input line 2924.
) (C:\Users\leo\AppData\Local\Programs\MiKTeX1\tex/latex/amsfonts\amssymb.sty
Package: amssymb 2013/01/14 v3.01 AMS font symbols
(C:\Users\leo\AppData\Local\Programs\MiKTeX1\tex/latex/amsfonts\amsfonts.sty
Package: amsfonts 2013/01/14 v3.01 Basic AMSFonts support
\symAMSa=\mathgroup4
\symAMSb=\mathgroup5
LaTeX Font Info:    Redeclaring math symbol \hbar on input line 98.
LaTeX Font Info:    Overwriting math alphabet `\mathfrak' in version `bold'
(Font)                  U/euf/m/n --> U/euf/b/n on input line 106.
)) (C:\Users\leo\AppData\Local\Programs\MiKTeX1\tex/latex/lm\lmodern.sty
Package: lmodern 2009/10/30 v1.6 Latin Modern Fonts
LaTeX Font Info:    Overwriting symbol font `operators' in version `normal'
(Font)                  OT1/cmr/m/n --> OT1/lmr/m/n on input line 22.
LaTeX Font Info:    Overwriting symbol font `letters' in version `normal'
(Font)                  OML/cmm/m/it --> OML/lmm/m/it on input line 23.
LaTeX Font Info:    Overwriting symbol font `symbols' in version `normal'
(Font)                  OMS/cmsy/m/n --> OMS/lmsy/m/n on input line 24.
LaTeX Font Info:    Overwriting symbol font `largesymbols' in version `normal'
(Font)                  OMX/cmex/m/n --> OMX/lmex/m/n on input line 25.
LaTeX Font Info:    Overwriting symbol font `operators' in version `bold'
(Font)                  OT1/cmr/bx/n --> OT1/lmr/bx/n on input line 26.
LaTeX Font Info:    Overwriting symbol font `letters' in version `bold'
(Font)                  OML/cmm/b/it --> OML/lmm/b/it on input line 27.
LaTeX Font Info:    Overwriting symbol font `symbols' in version `bold'
(Font)                  OMS/cmsy/b/n --> OMS/lmsy/b/n on input line 28.
LaTeX Font Info:    Overwriting symbol font `largesymbols' in version `bold'
(Font)                  OMX/cmex/m/n --> OMX/lmex/m/n on input line 29.
LaTeX Font Info:    Overwriting math alphabet `\mathbf' in version `normal'
(Font)                  OT1/cmr/bx/n --> OT1/lmr/bx/n on input line 31.
LaTeX Font Info:    Overwriting math alphabet `\mathsf' in version `normal'
(Font)                  OT1/cmss/m/n --> OT1/lmss/m/n on input line 32.
LaTeX Font Info:    Overwriting math alphabet `\mathit' in version `normal'
(Font)                  OT1/cmr/m/it --> OT1/lmr/m/it on input line 33.
LaTeX Font Info:    Overwriting math alphabet `\mathtt' in version `normal'
(Font)                  OT1/cmtt/m/n --> OT1/lmtt/m/n on input line 34.
LaTeX Font Info:    Overwriting math alphabet `\mathbf' in version `bold'
(Font)                  OT1/cmr/bx/n --> OT1/lmr/bx/n on input line 35.
LaTeX Font Info:    Overwriting math alphabet `\mathsf' in version `bold'
(Font)                  OT1/cmss/bx/n --> OT1/lmss/bx/n on input line 36.
LaTeX Font Info:    Overwriting math alphabet `\mathit' in version `bold'
(Font)                  OT1/cmr/bx/it --> OT1/lmr/bx/it on input line 37.
LaTeX Font Info:    Overwriting math alphabet `\mathtt' in version `bold'
(Font)                  OT1/cmtt/m/n --> OT1/lmtt/m/n on input line 38.
) (C:\Users\leo\AppData\Local\Programs\MiKTeX1\tex/generic/iftex\iftex.sty
Package: iftex 2020/03/06 v1.0d TeX engine tests
) (C:\Users\leo\AppData\Local\Programs\MiKTeX1\tex/latex/base\fontenc.sty
Package: fontenc 2021/04/29 v2.0v Standard LaTeX package
LaTeX Font Info:    Trying to load font information for T1+lmr on input line 11
2.
(C:\Users\leo\AppData\Local\Programs\MiKTeX1\tex/latex/lm\t1lmr.fd
File: t1lmr.fd 2009/10/30 v1.6 Font defs for Latin Modern
)) (C:\Users\leo\AppData\Local\Programs\MiKTeX1\tex/latex/base\inputenc.sty
Package: inputenc 2021/02/14 v1.3d Input encoding file
\inpenc@prehook=\toks21
\inpenc@posthook=\toks22
) (C:\Users\leo\AppData\Local\Programs\MiKTeX1\tex/latex/base\textcomp.sty
Package: textcomp 2020/02/02 v2.0n Standard LaTeX package
) (C:\Users\leo\AppData\Local\Programs\MiKTeX1\tex/latex/upquote\upquote.sty
Package: upquote 2012/04/19 v1.3 upright-quote and grave-accent glyphs in verba
tim
) (C:\Users\leo\AppData\Local\Programs\MiKTeX1\tex/latex/microtype\microtype.st
y
Package: microtype 2022/03/14 v3.0d Micro-typographical refinements (RS)
(C:\Users\leo\AppData\Local\Programs\MiKTeX1\tex/latex/graphics\keyval.sty
Package: keyval 2014/10/28 v1.15 key=value parser (DPC)
\KV@toks@=\toks23
) (C:\Users\leo\AppData\Local\Programs\MiKTeX1\tex/latex/etoolbox\etoolbox.sty
Package: etoolbox 2020/10/05 v2.5k e-TeX tools for LaTeX (JAW)
\etb@tempcnta=\count268
)
\MT@toks=\toks24
\MT@tempbox=\box52
\MT@count=\count269
LaTeX Info: Redefining \noprotrusionifhmode on input line 1027.
LaTeX Info: Redefining \leftprotrusion on input line 1028.
LaTeX Info: Redefining \rightprotrusion on input line 1036.
LaTeX Info: Redefining \textls on input line 1195.
\MT@outer@kern=\dimen148
LaTeX Info: Redefining \textmicrotypecontext on input line 1781.
\MT@listname@count=\count270

(C:\Users\leo\AppData\Local\Programs\MiKTeX1\tex/latex/microtype\microtype-pdft
ex.def
File: microtype-pdftex.def 2022/03/14 v3.0d Definitions specific to pdftex (RS)

LaTeX Info: Redefining \lsstyle on input line 900.
LaTeX Info: Redefining \lslig on input line 900.
\MT@outer@space=\skip52
)
Package microtype Info: Loading configuration file microtype.cfg.
(C:\Users\leo\AppData\Local\Programs\MiKTeX1\tex/latex/microtype\microtype.cfg
File: microtype.cfg 2022/03/14 v3.0d microtype main configuration file (RS)
)) (C:\Users\leo\AppData\Local\Programs\MiKTeX1\tex/latex/parskip\parskip.sty
Package: parskip 2021-03-14 v2.0h non-zero parskip adjustments
(C:\Users\leo\AppData\Local\Programs\MiKTeX1\tex/latex/kvoptions\kvoptions.sty
Package: kvoptions 2020-10-07 v3.14 Key value format for package options (HO)
(C:\Users\leo\AppData\Local\Programs\MiKTeX1\tex/generic/ltxcmds\ltxcmds.sty
Package: ltxcmds 2020-05-10 v1.25 LaTeX kernel commands for general use (HO)
)
(C:\Users\leo\AppData\Local\Programs\MiKTeX1\tex/generic/kvsetkeys\kvsetkeys.st
y
Package: kvsetkeys 2019/12/15 v1.18 Key value parser (HO)
))) (C:\Users\leo\AppData\Local\Programs\MiKTeX1\tex/latex/xcolor\xcolor.sty
Package: xcolor 2016/05/11 v2.12 LaTeX color extensions (UK)
(C:\Users\leo\AppData\Local\Programs\MiKTeX1\tex/latex/graphics-cfg\color.cfg
File: color.cfg 2016/01/02 v1.6 sample color configuration
)
Package xcolor Info: Driver file: pdftex.def on input line 225.
(C:\Users\leo\AppData\Local\Programs\MiKTeX1\tex/latex/graphics-def\pdftex.def
File: pdftex.def 2020/10/05 v1.2a Graphics/color driver for pdftex
)
Package xcolor Info: Model `cmy' substituted by `cmy0' on input line 1348.
Package xcolor Info: Model `hsb' substituted by `rgb' on input line 1352.
Package xcolor Info: Model `RGB' extended on input line 1364.
Package xcolor Info: Model `HTML' substituted by `rgb' on input line 1366.
Package xcolor Info: Model `Hsb' substituted by `hsb' on input line 1367.
Package xcolor Info: Model `tHsb' substituted by `hsb' on input line 1368.
Package xcolor Info: Model `HSB' substituted by `hsb' on input line 1369.
Package xcolor Info: Model `Gray' substituted by `gray' on input line 1370.
Package xcolor Info: Model `wave' substituted by `hsb' on input line 1371.
) (C:\Users\leo\AppData\Local\Programs\MiKTeX1\tex/latex/xurl\xurl.sty
Package: xurl 2022/01/09 v 0.10 modify URL breaks
(C:\Users\leo\AppData\Local\Programs\MiKTeX1\tex/latex/url\url.sty
\Urlmuskip=\muskip17
Package: url 2013/09/16  ver 3.4  Verb mode for urls, etc.
)) (C:\Users\leo\AppData\Local\Programs\MiKTeX1\tex/latex/bookmark\bookmark.sty
Package: bookmark 2020-11-06 v1.29 PDF bookmarks (HO)
(C:\Users\leo\AppData\Local\Programs\MiKTeX1\tex/latex/hyperref\hyperref.sty
Package: hyperref 2021-06-07 v7.00m Hypertext links for LaTeX

(C:\Users\leo\AppData\Local\Programs\MiKTeX1\tex/generic/pdftexcmds\pdftexcmds.
sty
Package: pdftexcmds 2020-06-27 v0.33 Utility functions of pdfTeX for LuaTeX (HO
)

(C:\Users\leo\AppData\Local\Programs\MiKTeX1\tex/generic/infwarerr\infwarerr.st
y
Package: infwarerr 2019/12/03 v1.5 Providing info/warning/error messages (HO)
)
Package pdftexcmds Info: \pdf@primitive is available.
Package pdftexcmds Info: \pdf@ifprimitive is available.
Package pdftexcmds Info: \pdfdraftmode found.
)
(C:\Users\leo\AppData\Local\Programs\MiKTeX1\tex/generic/kvdefinekeys\kvdefinek
eys.sty
Package: kvdefinekeys 2019-12-19 v1.6 Define keys (HO)
)
(C:\Users\leo\AppData\Local\Programs\MiKTeX1\tex/generic/pdfescape\pdfescape.st
y
Package: pdfescape 2019/12/09 v1.15 Implements pdfTeX's escape features (HO)
) (C:\Users\leo\AppData\Local\Programs\MiKTeX1\tex/latex/hycolor\hycolor.sty
Package: hycolor 2020-01-27 v1.10 Color options for hyperref/bookmark (HO)
)
(C:\Users\leo\AppData\Local\Programs\MiKTeX1\tex/latex/letltxmacro\letltxmacro.
sty
Package: letltxmacro 2019/12/03 v1.6 Let assignment for LaTeX macros (HO)
) (C:\Users\leo\AppData\Local\Programs\MiKTeX1\tex/latex/auxhook\auxhook.sty
Package: auxhook 2019-12-17 v1.6 Hooks for auxiliary files (HO)
)
\@linkdim=\dimen149
\Hy@linkcounter=\count271
\Hy@pagecounter=\count272
(C:\Users\leo\AppData\Local\Programs\MiKTeX1\tex/latex/hyperref\pd1enc.def
File: pd1enc.def 2021-06-07 v7.00m Hyperref: PDFDocEncoding definition (HO)
Now handling font encoding PD1 ...
... no UTF-8 mapping file for font encoding PD1
)
(C:\Users\leo\AppData\Local\Programs\MiKTeX1\tex/latex/hyperref\hyperref-langpa
tches.def
File: hyperref-langpatches.def 2021-06-07 v7.00m Hyperref: patches for babel la
nguages
) (C:\Users\leo\AppData\Local\Programs\MiKTeX1\tex/generic/intcalc\intcalc.sty
Package: intcalc 2019/12/15 v1.3 Expandable calculations with integers (HO)
) (C:\Users\leo\AppData\Local\Programs\MiKTeX1\tex/generic/etexcmds\etexcmds.st
y
Package: etexcmds 2019/12/15 v1.7 Avoid name clashes with e-TeX commands (HO)
)
\Hy@SavedSpaceFactor=\count273
(C:\Users\leo\AppData\Local\Programs\MiKTeX1\tex/latex/hyperref\puenc.def
File: puenc.def 2021-06-07 v7.00m Hyperref: PDF Unicode definition (HO)
Now handling font encoding PU ...
... no UTF-8 mapping file for font encoding PU
)
Package hyperref Info: Option `unicode' set `true' on input line 4073.
Package hyperref Info: Hyper figures OFF on input line 4192.
Package hyperref Info: Link nesting OFF on input line 4197.
Package hyperref Info: Hyper index ON on input line 4200.
Package hyperref Info: Plain pages OFF on input line 4207.
Package hyperref Info: Backreferencing OFF on input line 4212.
Package hyperref Info: Implicit mode ON; LaTeX internals redefined.
Package hyperref Info: Bookmarks ON on input line 4445.
\c@Hy@tempcnt=\count274
LaTeX Info: Redefining \url on input line 4804.
\XeTeXLinkMargin=\dimen150
(C:\Users\leo\AppData\Local\Programs\MiKTeX1\tex/generic/bitset\bitset.sty
Package: bitset 2019/12/09 v1.3 Handle bit-vector datatype (HO)

(C:\Users\leo\AppData\Local\Programs\MiKTeX1\tex/generic/bigintcalc\bigintcalc.
sty
Package: bigintcalc 2019/12/15 v1.5 Expandable calculations on big integers (HO
)
))
\Fld@menulength=\count275
\Field@Width=\dimen151
\Fld@charsize=\dimen152
Package hyperref Info: Hyper figures OFF on input line 6076.
Package hyperref Info: Link nesting OFF on input line 6081.
Package hyperref Info: Hyper index ON on input line 6084.
Package hyperref Info: backreferencing OFF on input line 6091.
Package hyperref Info: Link coloring OFF on input line 6096.
Package hyperref Info: Link coloring with OCG OFF on input line 6101.
Package hyperref Info: PDF/A mode OFF on input line 6106.
LaTeX Info: Redefining \ref on input line 6146.
LaTeX Info: Redefining \pageref on input line 6150.
(C:\Users\leo\AppData\Local\Programs\MiKTeX1\tex/latex/base\atbegshi-ltx.sty
Package: atbegshi-ltx 2021/01/10 v1.0c Emulation of the original atbegshi
package with kernel methods
)
\Hy@abspage=\count276
\c@Item=\count277
\c@Hfootnote=\count278
)
Package hyperref Info: Driver (autodetected): hpdftex.
(C:\Users\leo\AppData\Local\Programs\MiKTeX1\tex/latex/hyperref\hpdftex.def
File: hpdftex.def 2021-06-07 v7.00m Hyperref driver for pdfTeX
(C:\Users\leo\AppData\Local\Programs\MiKTeX1\tex/latex/base\atveryend-ltx.sty
Package: atveryend-ltx 2020/08/19 v1.0a Emulation of the original atvery packag
e
with kernel methods
)
\Fld@listcount=\count279
\c@bookmark@seq@number=\count280

(C:\Users\leo\AppData\Local\Programs\MiKTeX1\tex/latex/rerunfilecheck\rerunfile
check.sty
Package: rerunfilecheck 2019/12/05 v1.9 Rerun checks for auxiliary files (HO)

(C:\Users\leo\AppData\Local\Programs\MiKTeX1\tex/generic/uniquecounter\uniqueco
unter.sty
Package: uniquecounter 2019/12/15 v1.4 Provide unlimited unique counter (HO)
)
Package uniquecounter Info: New unique counter `rerunfilecheck' on input line 2
86.
)
\Hy@SectionHShift=\skip53
) (C:\Users\leo\AppData\Local\Programs\MiKTeX1\tex/latex/bookmark\bkm-pdftex.de
f
File: bkm-pdftex.def 2020-11-06 v1.29 bookmark driver for pdfTeX (HO)
\BKM@id=\count281
)) (C:\Users\leo\AppData\Local\Programs\MiKTeX1\tex/latex/geometry\geometry.sty
Package: geometry 2020/01/02 v5.9 Page Geometry
(C:\Users\leo\AppData\Local\Programs\MiKTeX1\tex/generic/iftex\ifvtex.sty
Package: ifvtex 2019/10/25 v1.7 ifvtex legacy package. Use iftex instead.
)
\Gm@cnth=\count282
\Gm@cntv=\count283
\c@Gm@tempcnt=\count284
\Gm@bindingoffset=\dimen153
\Gm@wd@mp=\dimen154
\Gm@odd@mp=\dimen155
\Gm@even@mp=\dimen156
\Gm@layoutwidth=\dimen157
\Gm@layoutheight=\dimen158
\Gm@layouthoffset=\dimen159
\Gm@layoutvoffset=\dimen160
\Gm@dimlist=\toks25
(C:\Users\leo\AppData\Local\Programs\MiKTeX1\tex/latex/geometry\geometry.cfg)) 
(C:\Users\leo\AppData\Local\Programs\MiKTeX1\tex/latex/fancyvrb\fancyvrb.sty
Package: fancyvrb 2021/12/21 4.1b verbatim text (tvz,hv)
\FV@CodeLineNo=\count285
\FV@InFile=\read2
\FV@TabBox=\box53
\c@FancyVerbLine=\count286
\FV@StepNumber=\count287
\FV@OutFile=\write3
) (C:\Users\leo\AppData\Local\Programs\MiKTeX1\tex/latex/framed\framed.sty
Package: framed 2011/10/22 v 0.96: framed or shaded text with page breaks
\OuterFrameSep=\skip54
\fb@frw=\dimen161
\fb@frh=\dimen162
\FrameRule=\dimen163
\FrameSep=\dimen164
) (C:\Users\leo\AppData\Local\Programs\MiKTeX1\tex/latex/graphics\graphicx.sty
Package: graphicx 2020/12/05 v1.2c Enhanced LaTeX Graphics (DPC,SPQR)
(C:\Users\leo\AppData\Local\Programs\MiKTeX1\tex/latex/graphics\graphics.sty
Package: graphics 2021/03/04 v1.4d Standard LaTeX Graphics (DPC,SPQR)
(C:\Users\leo\AppData\Local\Programs\MiKTeX1\tex/latex/graphics\trig.sty
Package: trig 2016/01/03 v1.10 sin cos tan (DPC)
)
(C:\Users\leo\AppData\Local\Programs\MiKTeX1\tex/latex/graphics-cfg\graphics.cf
g
File: graphics.cfg 2016/06/04 v1.11 sample graphics configuration
)
Package graphics Info: Driver file: pdftex.def on input line 107.
)
\Gin@req@height=\dimen165
\Gin@req@width=\dimen166
)
(C:\Users\leo\AppData\Local\Programs\MiKTeX1\tex/latex/l3backend\l3backend-pdft
ex.def
File: l3backend-pdftex.def 2021-10-12 L3 backend support: PDF output (pdfTeX)
\l__color_backend_stack_int=\count288
\l__pdf_internal_box=\box54
) (projet.aux)
\openout1 = `projet.aux'.

LaTeX Font Info:    Checking defaults for OML/cmm/m/it on input line 111.
LaTeX Font Info:    ... okay on input line 111.
LaTeX Font Info:    Checking defaults for OMS/cmsy/m/n on input line 111.
LaTeX Font Info:    ... okay on input line 111.
LaTeX Font Info:    Checking defaults for OT1/cmr/m/n on input line 111.
LaTeX Font Info:    ... okay on input line 111.
LaTeX Font Info:    Checking defaults for T1/cmr/m/n on input line 111.
LaTeX Font Info:    ... okay on input line 111.
LaTeX Font Info:    Checking defaults for TS1/cmr/m/n on input line 111.
LaTeX Font Info:    ... okay on input line 111.
LaTeX Font Info:    Checking defaults for OMX/cmex/m/n on input line 111.
LaTeX Font Info:    ... okay on input line 111.
LaTeX Font Info:    Checking defaults for U/cmr/m/n on input line 111.
LaTeX Font Info:    ... okay on input line 111.
LaTeX Font Info:    Checking defaults for PD1/pdf/m/n on input line 111.
LaTeX Font Info:    ... okay on input line 111.
LaTeX Font Info:    Checking defaults for PU/pdf/m/n on input line 111.
LaTeX Font Info:    ... okay on input line 111.
LaTeX Info: Redefining \microtypecontext on input line 111.
Package microtype Info: Applying patch `item' on input line 111.
Package microtype Info: Applying patch `toc' on input line 111.
Package microtype Info: Applying patch `eqnum' on input line 111.
Package microtype Info: Applying patch `footnote' on input line 111.
Package microtype Info: Generating PDF output.
Package microtype Info: Character protrusion enabled (level 2).
Package microtype Info: Using protrusion set `basicmath'.
Package microtype Info: Automatic font expansion enabled (level 2),
(microtype)             stretch: 20, shrink: 20, step: 1, non-selected.
Package microtype Info: Using default expansion set `alltext-nott'.
LaTeX Info: Redefining \showhyphens on input line 111.
Package microtype Info: No adjustment of tracking.
Package microtype Info: No adjustment of interword spacing.
Package microtype Info: No adjustment of character kerning.
(C:\Users\leo\AppData\Local\Programs\MiKTeX1\tex/latex/microtype\mt-cmr.cfg
File: mt-cmr.cfg 2013/05/19 v2.2 microtype config. file: Computer Modern Roman 
(RS)
)
(C:\Users\leo\AppData\Local\Programs\MiKTeX1\tex/context/base/mkii\supp-pdf.mki
i
[Loading MPS to PDF converter (version 2006.09.02).]
\scratchcounter=\count289
\scratchdimen=\dimen167
\scratchbox=\box55
\nofMPsegments=\count290
\nofMParguments=\count291
\everyMPshowfont=\toks26
\MPscratchCnt=\count292
\MPscratchDim=\dimen168
\MPnumerator=\count293
\makeMPintoPDFobject=\count294
\everyMPtoPDFconversion=\toks27
)
(C:\Users\leo\AppData\Local\Programs\MiKTeX1\tex/latex/epstopdf-pkg\epstopdf-ba
se.sty
Package: epstopdf-base 2020-01-24 v2.11 Base part for package epstopdf
Package epstopdf-base Info: Redefining graphics rule for `.eps' on input line 4
85.

(C:\Users\leo\AppData\Local\Programs\MiKTeX1\tex/latex/00miktex\epstopdf-sys.cf
g
File: epstopdf-sys.cfg 2021/03/18 v2.0 Configuration of epstopdf for MiKTeX
))
Package hyperref Info: Link coloring OFF on input line 111.
(C:\Users\leo\AppData\Local\Programs\MiKTeX1\tex/latex/hyperref\nameref.sty
Package: nameref 2021-04-02 v2.47 Cross-referencing by name of section
(C:\Users\leo\AppData\Local\Programs\MiKTeX1\tex/latex/refcount\refcount.sty
Package: refcount 2019/12/15 v3.6 Data extraction from label references (HO)
)
(C:\Users\leo\AppData\Local\Programs\MiKTeX1\tex/generic/gettitlestring\gettitl
estring.sty
Package: gettitlestring 2019/12/15 v1.6 Cleanup title references (HO)
)
\c@section@level=\count295
)
LaTeX Info: Redefining \ref on input line 111.
LaTeX Info: Redefining \pageref on input line 111.
LaTeX Info: Redefining \nameref on input line 111.
*geometry* driver: auto-detecting
*geometry* detected driver: pdftex
*geometry* verbose mode - [ preamble ] result:
* driver: pdftex
* paper: <default>
* layout: <same size as paper>
* layoutoffset:(h,v)=(0.0pt,0.0pt)
* modes: 
* h-part:(L,W,R)=(72.26999pt, 469.75502pt, 72.26999pt)
* v-part:(T,H,B)=(72.26999pt, 650.43001pt, 72.26999pt)
* \paperwidth=614.295pt
* \paperheight=794.96999pt
* \textwidth=469.75502pt
* \textheight=650.43001pt
* \oddsidemargin=0.0pt
* \evensidemargin=0.0pt
* \topmargin=-37.0pt
* \headheight=12.0pt
* \headsep=25.0pt
* \topskip=10.0pt
* \footskip=30.0pt
* \marginparwidth=65.0pt
* \marginparsep=11.0pt
* \columnsep=10.0pt
* \skip\footins=9.0pt plus 4.0pt minus 2.0pt
* \hoffset=0.0pt
* \voffset=0.0pt
* \mag=1000
* \@twocolumnfalse
* \@twosidefalse
* \@mparswitchfalse
* \@reversemarginfalse
* (1in=72.27pt=25.4mm, 1cm=28.453pt)

LaTeX Font Info:    Trying to load font information for OT1+lmr on input line 1
13.
(C:\Users\leo\AppData\Local\Programs\MiKTeX1\tex/latex/lm\ot1lmr.fd
File: ot1lmr.fd 2009/10/30 v1.6 Font defs for Latin Modern
)
LaTeX Font Info:    Trying to load font information for OML+lmm on input line 1
13.
(C:\Users\leo\AppData\Local\Programs\MiKTeX1\tex/latex/lm\omllmm.fd
File: omllmm.fd 2009/10/30 v1.6 Font defs for Latin Modern
)
LaTeX Font Info:    Trying to load font information for OMS+lmsy on input line 
113.
(C:\Users\leo\AppData\Local\Programs\MiKTeX1\tex/latex/lm\omslmsy.fd
File: omslmsy.fd 2009/10/30 v1.6 Font defs for Latin Modern
)
LaTeX Font Info:    Trying to load font information for OMX+lmex on input line 
113.
(C:\Users\leo\AppData\Local\Programs\MiKTeX1\tex/latex/lm\omxlmex.fd
File: omxlmex.fd 2009/10/30 v1.6 Font defs for Latin Modern
)
LaTeX Font Info:    External font `lmex10' loaded for size
(Font)              <12> on input line 113.
LaTeX Font Info:    External font `lmex10' loaded for size
(Font)              <8> on input line 113.
LaTeX Font Info:    External font `lmex10' loaded for size
(Font)              <6> on input line 113.
LaTeX Font Info:    Trying to load font information for U+msa on input line 113
.
(C:\Users\leo\AppData\Local\Programs\MiKTeX1\tex/latex/amsfonts\umsa.fd
File: umsa.fd 2013/01/14 v3.01 AMS symbols A
) (C:\Users\leo\AppData\Local\Programs\MiKTeX1\tex/latex/microtype\mt-msa.cfg
File: mt-msa.cfg 2006/02/04 v1.1 microtype config. file: AMS symbols (a) (RS)
)
LaTeX Font Info:    Trying to load font information for U+msb on input line 113
.
(C:\Users\leo\AppData\Local\Programs\MiKTeX1\tex/latex/amsfonts\umsb.fd
File: umsb.fd 2013/01/14 v3.01 AMS symbols B
) (C:\Users\leo\AppData\Local\Programs\MiKTeX1\tex/latex/microtype\mt-msb.cfg
File: mt-msb.cfg 2005/06/01 v1.0 microtype config. file: AMS symbols (b) (RS)
)
LaTeX Font Info:    Trying to load font information for TS1+lmr on input line 1
40.
(C:\Users\leo\AppData\Local\Programs\MiKTeX1\tex/latex/lm\ts1lmr.fd
File: ts1lmr.fd 2009/10/30 v1.6 Font defs for Latin Modern
) [1

{C:/Users/leo/AppData/Local/MiKTeX/pdftex/config/pdftex.map}]
LaTeX Font Info:    External font `lmex10' loaded for size
(Font)              <10> on input line 221.
LaTeX Font Info:    External font `lmex10' loaded for size
(Font)              <7> on input line 221.
LaTeX Font Info:    External font `lmex10' loaded for size
(Font)              <5> on input line 221.

LaTeX Warning: Command \` invalid in math mode on input line 223.


LaTeX Warning: Command \` invalid in math mode on input line 225.

[2]
<projet_files/figure-latex/unnamed-chunk-4-1.pdf, id=35, 505.89pt x 216.81pt>
File: projet_files/figure-latex/unnamed-chunk-4-1.pdf Graphic file (type pdf)
<use projet_files/figure-latex/unnamed-chunk-4-1.pdf>
Package pdftex.def Info: projet_files/figure-latex/unnamed-chunk-4-1.pdf  used 
on input line 331.
(pdftex.def)             Requested size: 469.76265pt x 201.32684pt.
LaTeX Font Info:    Trying to load font information for T1+lmtt on input line 3
33.
(C:\Users\leo\AppData\Local\Programs\MiKTeX1\tex/latex/lm\t1lmtt.fd
File: t1lmtt.fd 2009/10/30 v1.6 Font defs for Latin Modern
) [3 <./projet_files/figure-latex/unnamed-chunk-4-1.pdf>]
LaTeX Font Info:    Trying to load font information for TS1+lmtt on input line 
355.
(C:\Users\leo\AppData\Local\Programs\MiKTeX1\tex/latex/lm\ts1lmtt.fd
File: ts1lmtt.fd 2009/10/30 v1.6 Font defs for Latin Modern
)
<projet_files/figure-latex/unnamed-chunk-5-1.pdf, id=50, 505.89pt x 216.81pt>
File: projet_files/figure-latex/unnamed-chunk-5-1.pdf Graphic file (type pdf)
<use projet_files/figure-latex/unnamed-chunk-5-1.pdf>
Package pdftex.def Info: projet_files/figure-latex/unnamed-chunk-5-1.pdf  used 
on input line 365.
(pdftex.def)             Requested size: 469.76265pt x 201.32684pt.
<projet_files/figure-latex/sex-1.pdf, id=51, 505.89pt x 216.81pt>
File: projet_files/figure-latex/sex-1.pdf Graphic file (type pdf)
<use projet_files/figure-latex/sex-1.pdf>
Package pdftex.def Info: projet_files/figure-latex/sex-1.pdf  used on input lin
e 394.
(pdftex.def)             Requested size: 469.76265pt x 201.32684pt.
[4 <./projet_files/figure-latex/unnamed-chunk-5-1.pdf>]
<projet_files/figure-latex/job-1.pdf, id=65, 505.89pt x 216.81pt>
File: projet_files/figure-latex/job-1.pdf Graphic file (type pdf)
<use projet_files/figure-latex/job-1.pdf>
Package pdftex.def Info: projet_files/figure-latex/job-1.pdf  used on input lin
e 407.
(pdftex.def)             Requested size: 469.76265pt x 201.32684pt.
<projet_files/figure-latex/unnamed-chunk-6-1.pdf, id=66, 505.89pt x 216.81pt>
File: projet_files/figure-latex/unnamed-chunk-6-1.pdf Graphic file (type pdf)
<use projet_files/figure-latex/unnamed-chunk-6-1.pdf>
Package pdftex.def Info: projet_files/figure-latex/unnamed-chunk-6-1.pdf  used 
on input line 409.
(pdftex.def)             Requested size: 469.76265pt x 201.32684pt.
[5 <./projet_files/figure-latex/sex-1.pdf> <./projet_files/figure-latex/job-1.p
df>]
<projet_files/figure-latex/unnamed-chunk-7-1.pdf, id=83, 505.89pt x 216.81pt>
File: projet_files/figure-latex/unnamed-chunk-7-1.pdf Graphic file (type pdf)
<use projet_files/figure-latex/unnamed-chunk-7-1.pdf>
Package pdftex.def Info: projet_files/figure-latex/unnamed-chunk-7-1.pdf  used 
on input line 427.
(pdftex.def)             Requested size: 469.76265pt x 201.32684pt.
<projet_files/figure-latex/unnamed-chunk-8-1.pdf, id=84, 505.89pt x 216.81pt>
File: projet_files/figure-latex/unnamed-chunk-8-1.pdf Graphic file (type pdf)
<use projet_files/figure-latex/unnamed-chunk-8-1.pdf>
Package pdftex.def Info: projet_files/figure-latex/unnamed-chunk-8-1.pdf  used 
on input line 435.
(pdftex.def)             Requested size: 469.76265pt x 201.32684pt.
[6 <./projet_files/figure-latex/unnamed-chunk-6-1.pdf> <./projet_files/figure-l
atex/unnamed-chunk-7-1.pdf>]
<projet_files/figure-latex/unnamed-chunk-9-1.pdf, id=104, 505.89pt x 216.81pt>
File: projet_files/figure-latex/unnamed-chunk-9-1.pdf Graphic file (type pdf)
<use projet_files/figure-latex/unnamed-chunk-9-1.pdf>
Package pdftex.def Info: projet_files/figure-latex/unnamed-chunk-9-1.pdf  used 
on input line 442.
(pdftex.def)             Requested size: 469.76265pt x 201.32684pt.
<projet_files/figure-latex/unnamed-chunk-10-1.pdf, id=105, 505.89pt x 216.81pt>

File: projet_files/figure-latex/unnamed-chunk-10-1.pdf Graphic file (type pdf)
<use projet_files/figure-latex/unnamed-chunk-10-1.pdf>
Package pdftex.def Info: projet_files/figure-latex/unnamed-chunk-10-1.pdf  used
 on input line 460.
(pdftex.def)             Requested size: 469.76265pt x 201.32684pt.
[7 <./projet_files/figure-latex/unnamed-chunk-8-1.pdf> <./projet_files/figure-l
atex/unnamed-chunk-9-1.pdf>]
<projet_files/figure-latex/unnamed-chunk-11-1.pdf, id=122, 505.89pt x 216.81pt>

File: projet_files/figure-latex/unnamed-chunk-11-1.pdf Graphic file (type pdf)
<use projet_files/figure-latex/unnamed-chunk-11-1.pdf>
Package pdftex.def Info: projet_files/figure-latex/unnamed-chunk-11-1.pdf  used
 on input line 462.
(pdftex.def)             Requested size: 469.76265pt x 201.32684pt.
<projet_files/figure-latex/cor-1.pdf, id=123, 505.89pt x 216.81pt>
File: projet_files/figure-latex/cor-1.pdf Graphic file (type pdf)
<use projet_files/figure-latex/cor-1.pdf>
Package pdftex.def Info: projet_files/figure-latex/cor-1.pdf  used on input lin
e 495.
(pdftex.def)             Requested size: 469.76265pt x 201.32684pt.
[8 <./projet_files/figure-latex/unnamed-chunk-10-1.pdf> <./projet_files/figure-
latex/unnamed-chunk-11-1.pdf>]
<projet_files/figure-latex/acp1-1.pdf, id=142, 505.89pt x 216.81pt>
File: projet_files/figure-latex/acp1-1.pdf Graphic file (type pdf)
<use projet_files/figure-latex/acp1-1.pdf>
Package pdftex.def Info: projet_files/figure-latex/acp1-1.pdf  used on input li
ne 518.
(pdftex.def)             Requested size: 469.76265pt x 201.32684pt.
<projet_files/figure-latex/acp1-2.pdf, id=143, 505.89pt x 216.81pt>
File: projet_files/figure-latex/acp1-2.pdf Graphic file (type pdf)
<use projet_files/figure-latex/acp1-2.pdf>
Package pdftex.def Info: projet_files/figure-latex/acp1-2.pdf  used on input li
ne 519.
(pdftex.def)             Requested size: 469.76265pt x 201.32684pt.
[9 <./projet_files/figure-latex/cor-1.pdf>] [10 <./projet_files/figure-latex/ac
p1-1.pdf> <./projet_files/figure-latex/acp1-2.pdf>]
<projet_files/figure-latex/ind-1.pdf, id=173, 505.89pt x 216.81pt>
File: projet_files/figure-latex/ind-1.pdf Graphic file (type pdf)
<use projet_files/figure-latex/ind-1.pdf>
Package pdftex.def Info: projet_files/figure-latex/ind-1.pdf  used on input lin
e 550.
(pdftex.def)             Requested size: 469.76265pt x 201.32684pt.
<projet_files/figure-latex/ind-2.pdf, id=174, 505.89pt x 216.81pt>
File: projet_files/figure-latex/ind-2.pdf Graphic file (type pdf)
<use projet_files/figure-latex/ind-2.pdf>
Package pdftex.def Info: projet_files/figure-latex/ind-2.pdf  used on input lin
e 551.
(pdftex.def)             Requested size: 469.76265pt x 201.32684pt.
[11 <./projet_files/figure-latex/ind-1.pdf> <./projet_files/figure-latex/ind-2.
pdf>]
<projet_files/figure-latex/kmeans-1.pdf, id=206, 505.89pt x 216.81pt>
File: projet_files/figure-latex/kmeans-1.pdf Graphic file (type pdf)
<use projet_files/figure-latex/kmeans-1.pdf>
Package pdftex.def Info: projet_files/figure-latex/kmeans-1.pdf  used on input 
line 604.
(pdftex.def)             Requested size: 469.76265pt x 201.32684pt.
<projet_files/figure-latex/unnamed-chunk-12-1.pdf, id=207, 505.89pt x 216.81pt>

File: projet_files/figure-latex/unnamed-chunk-12-1.pdf Graphic file (type pdf)
<use projet_files/figure-latex/unnamed-chunk-12-1.pdf>
Package pdftex.def Info: projet_files/figure-latex/unnamed-chunk-12-1.pdf  used
 on input line 613.
(pdftex.def)             Requested size: 469.76265pt x 201.32684pt.
[12 <./projet_files/figure-latex/kmeans-1.pdf>]
<projet_files/figure-latex/unnamed-chunk-13-1.pdf, id=228, 505.89pt x 216.81pt>

File: projet_files/figure-latex/unnamed-chunk-13-1.pdf Graphic file (type pdf)
<use projet_files/figure-latex/unnamed-chunk-13-1.pdf>
Package pdftex.def Info: projet_files/figure-latex/unnamed-chunk-13-1.pdf  used
 on input line 622.
(pdftex.def)             Requested size: 469.76265pt x 201.32684pt.
<projet_files/figure-latex/unnamed-chunk-14-1.pdf, id=229, 505.89pt x 216.81pt>

File: projet_files/figure-latex/unnamed-chunk-14-1.pdf Graphic file (type pdf)
<use projet_files/figure-latex/unnamed-chunk-14-1.pdf>
Package pdftex.def Info: projet_files/figure-latex/unnamed-chunk-14-1.pdf  used
 on input line 633.
(pdftex.def)             Requested size: 469.76265pt x 201.32684pt.
[13 <./projet_files/figure-latex/unnamed-chunk-12-1.pdf> <./projet_files/figure
-latex/unnamed-chunk-13-1.pdf>] [14 <./projet_files/figure-latex/unnamed-chunk-
14-1.pdf>]
<projet_files/figure-latex/comparaison-1.pdf, id=272, 505.89pt x 216.81pt>
File: projet_files/figure-latex/comparaison-1.pdf Graphic file (type pdf)
<use projet_files/figure-latex/comparaison-1.pdf>
Package pdftex.def Info: projet_files/figure-latex/comparaison-1.pdf  used on i
nput line 691.
(pdftex.def)             Requested size: 469.76265pt x 201.32684pt.
[15 <./projet_files/figure-latex/comparaison-1.pdf>]
<projet_files/figure-latex/unnamed-chunk-16-1.pdf, id=289, 505.89pt x 216.81pt>

File: projet_files/figure-latex/unnamed-chunk-16-1.pdf Graphic file (type pdf)
<use projet_files/figure-latex/unnamed-chunk-16-1.pdf>
Package pdftex.def Info: projet_files/figure-latex/unnamed-chunk-16-1.pdf  used
 on input line 751.
(pdftex.def)             Requested size: 469.76265pt x 201.32684pt.
[16 <./projet_files/figure-latex/unnamed-chunk-16-1.pdf>]
<projet_files/figure-latex/unnamed-chunk-16-2.pdf, id=299, 505.89pt x 216.81pt>

File: projet_files/figure-latex/unnamed-chunk-16-2.pdf Graphic file (type pdf)
<use projet_files/figure-latex/unnamed-chunk-16-2.pdf>
Package pdftex.def Info: projet_files/figure-latex/unnamed-chunk-16-2.pdf  used
 on input line 807.
(pdftex.def)             Requested size: 469.76265pt x 201.32684pt.
<projet_files/figure-latex/unnamed-chunk-17-1.pdf, id=300, 505.89pt x 216.81pt>

File: projet_files/figure-latex/unnamed-chunk-17-1.pdf Graphic file (type pdf)
<use projet_files/figure-latex/unnamed-chunk-17-1.pdf>
Package pdftex.def Info: projet_files/figure-latex/unnamed-chunk-17-1.pdf  used
 on input line 830.
(pdftex.def)             Requested size: 469.76265pt x 201.32684pt.
[17 <./projet_files/figure-latex/unnamed-chunk-16-2.pdf> <./projet_files/figure
-latex/unnamed-chunk-17-1.pdf>]
<projet_files/figure-latex/famsize-1.pdf, id=319, 505.89pt x 216.81pt>
File: projet_files/figure-latex/famsize-1.pdf Graphic file (type pdf)
<use projet_files/figure-latex/famsize-1.pdf>
Package pdftex.def Info: projet_files/figure-latex/famsize-1.pdf  used on input
 line 840.
(pdftex.def)             Requested size: 469.76265pt x 201.32684pt.
<projet_files/figure-latex/Pstatus-1.pdf, id=320, 505.89pt x 216.81pt>
File: projet_files/figure-latex/Pstatus-1.pdf Graphic file (type pdf)
<use projet_files/figure-latex/Pstatus-1.pdf>
Package pdftex.def Info: projet_files/figure-latex/Pstatus-1.pdf  used on input
 line 852.
(pdftex.def)             Requested size: 469.76265pt x 201.32684pt.
<projet_files/figure-latex/unnamed-chunk-19-1.pdf, id=321, 505.89pt x 216.81pt>

File: projet_files/figure-latex/unnamed-chunk-19-1.pdf Graphic file (type pdf)
<use projet_files/figure-latex/unnamed-chunk-19-1.pdf>
Package pdftex.def Info: projet_files/figure-latex/unnamed-chunk-19-1.pdf  used
 on input line 867.
(pdftex.def)             Requested size: 469.76265pt x 201.32684pt.
[18 <./projet_files/figure-latex/famsize-1.pdf> <./projet_files/figure-latex/Ps
tatus-1.pdf>]
<projet_files/figure-latex/unnamed-chunk-20-1.pdf, id=341, 505.89pt x 216.81pt>

File: projet_files/figure-latex/unnamed-chunk-20-1.pdf Graphic file (type pdf)
<use projet_files/figure-latex/unnamed-chunk-20-1.pdf>
Package pdftex.def Info: projet_files/figure-latex/unnamed-chunk-20-1.pdf  used
 on input line 878.
(pdftex.def)             Requested size: 469.76265pt x 201.32684pt.
[19 <./projet_files/figure-latex/unnamed-chunk-19-1.pdf> <./projet_files/figure
-latex/unnamed-chunk-20-1.pdf>]
<projet_files/figure-latex/unnamed-chunk-25-1.pdf, id=361, 505.89pt x 216.81pt>

File: projet_files/figure-latex/unnamed-chunk-25-1.pdf Graphic file (type pdf)
<use projet_files/figure-latex/unnamed-chunk-25-1.pdf>
Package pdftex.def Info: projet_files/figure-latex/unnamed-chunk-25-1.pdf  used
 on input line 908.
(pdftex.def)             Requested size: 469.76265pt x 201.32684pt.
<projet_files/figure-latex/unnamed-chunk-26-1.pdf, id=362, 505.89pt x 216.81pt>

File: projet_files/figure-latex/unnamed-chunk-26-1.pdf Graphic file (type pdf)
<use projet_files/figure-latex/unnamed-chunk-26-1.pdf>
Package pdftex.def Info: projet_files/figure-latex/unnamed-chunk-26-1.pdf  used
 on input line 915.
(pdftex.def)             Requested size: 469.76265pt x 201.32684pt.
<projet_files/figure-latex/unnamed-chunk-27-1.pdf, id=363, 505.89pt x 216.81pt>

File: projet_files/figure-latex/unnamed-chunk-27-1.pdf Graphic file (type pdf)
<use projet_files/figure-latex/unnamed-chunk-27-1.pdf>
Package pdftex.def Info: projet_files/figure-latex/unnamed-chunk-27-1.pdf  used
 on input line 921.
(pdftex.def)             Requested size: 469.76265pt x 201.32684pt.
[20 <./projet_files/figure-latex/unnamed-chunk-25-1.pdf> <./projet_files/figure
-latex/unnamed-chunk-26-1.pdf>]
<projet_files/figure-latex/unnamed-chunk-28-1.pdf, id=383, 505.89pt x 216.81pt>

File: projet_files/figure-latex/unnamed-chunk-28-1.pdf Graphic file (type pdf)
<use projet_files/figure-latex/unnamed-chunk-28-1.pdf>
Package pdftex.def Info: projet_files/figure-latex/unnamed-chunk-28-1.pdf  used
 on input line 926.
(pdftex.def)             Requested size: 469.76265pt x 201.32684pt.
LaTeX Font Info:    Font shape `T1/lmtt/bx/n' in size <10> not available
(Font)              Font shape `T1/lmtt/b/n' tried instead on input line 936.
[21 <./projet_files/figure-latex/unnamed-chunk-27-1.pdf> <./projet_files/figure
-latex/unnamed-chunk-28-1.pdf>] [22] [23] (projet.aux) ) 
Here is how much of TeX's memory you used:
 13697 strings out of 478927
 215130 string characters out of 2853011
 557400 words of memory out of 3000000
 31076 multiletter control sequences out of 15000+600000
 455798 words of font info for 132 fonts, out of 8000000 for 9000
 1141 hyphenation exceptions out of 8191
 74i,6n,80p,1005b,512s stack positions out of 5000i,500n,10000p,200000b,80000s
{C:/Users/leo/AppData/L
ocal/Programs/MiKTeX1/fonts/enc/dvips/lm/lm-ts1.enc}{C:/Users/leo/AppData/Local
/Programs/MiKTeX1/fonts/enc/dvips/lm/lm-ec.enc}{C:/Users/leo/AppData/Local/Prog
rams/MiKTeX1/fonts/enc/dvips/lm/lm-mathit.enc}{C:/Users/leo/AppData/Local/Progr
ams/MiKTeX1/fonts/enc/dvips/lm/lm-rm.enc}<C:/Users/leo/AppData/Local/Programs/M
iKTeX1/fonts/type1/public/lm/lmbx10.pfb><C:/Users/leo/AppData/Local/Programs/Mi
KTeX1/fonts/type1/public/lm/lmbx12.pfb><C:/Users/leo/AppData/Local/Programs/MiK
TeX1/fonts/type1/public/lm/lmmi10.pfb><C:/Users/leo/AppData/Local/Programs/MiKT
eX1/fonts/type1/public/lm/lmmi7.pfb><C:/Users/leo/AppData/Local/Programs/MiKTeX
1/fonts/type1/public/lm/lmr10.pfb><C:/Users/leo/AppData/Local/Programs/MiKTeX1/
fonts/type1/public/lm/lmr12.pfb><C:/Users/leo/AppData/Local/Programs/MiKTeX1/fo
nts/type1/public/lm/lmr17.pfb><C:/Users/leo/AppData/Local/Programs/MiKTeX1/font
s/type1/public/lm/lmr7.pfb><C:/Users/leo/AppData/Local/Programs/MiKTeX1/fonts/t
ype1/public/lm/lmtk10.pfb><C:/Users/leo/AppData/Local/Programs/MiKTeX1/fonts/ty
pe1/public/lm/lmtt10.pfb><C:/Users/leo/AppData/Local/Programs/MiKTeX1/fonts/typ
e1/public/lm/lmtti10.pfb>
Output written on projet.pdf (23 pages, 1990026 bytes).
PDF statistics:
 589 PDF objects out of 1000 (max. 8388607)
 98 named destinations out of 1000 (max. 500000)
 29084 words of extra memory for PDF output out of 29859 (max. 10000000)

